2025-07-24T16:02:21.485+0900	[31mERROR[0m	fileReceive/fileReceive.go:40	íŒŒì¼ ìˆ˜ì‹  ì‹¤íŒ¨	{"error": "request Content-Type isn't multipart/form-data"}
local.dev/h100_module_c/internal/handlers/fileReceive.FileReceive
	C:/Users/ì§€ì•„ì´ë©/eclipse-workspace/gov-disabled-web-gs/h100_module_c/internal/handlers/fileReceive/fileReceive.go:40
net/http.HandlerFunc.ServeHTTP
	C:/Program Files/Go/src/net/http/server.go:2294
main.main.WithCORS.func1
	C:/Users/ì§€ì•„ì´ë©/eclipse-workspace/gov-disabled-web-gs/h100_module_c/internal/middlewares/cors.go:43
net/http.HandlerFunc.ServeHTTP
	C:/Program Files/Go/src/net/http/server.go:2294
net/http.(*ServeMux).ServeHTTP
	C:/Program Files/Go/src/net/http/server.go:2822
net/http.serverHandler.ServeHTTP
	C:/Program Files/Go/src/net/http/server.go:3301
net/http.(*conn).serve
	C:/Program Files/Go/src/net/http/server.go:2102
2025-07-24T16:42:30.704+0900	[31mERROR[0m	fileReceive/fileReceive.go:44	íŒŒì¼ ìˆ˜ì‹  ì‹¤íŒ¨	{"error": "request Content-Type isn't multipart/form-data"}
local.dev/h100_module_c/internal/handlers/fileReceive.FileReceive
	C:/Users/ì§€ì•„ì´ë©/eclipse-workspace/gov-disabled-web-gs/h100_module_c/internal/handlers/fileReceive/fileReceive.go:44
net/http.HandlerFunc.ServeHTTP
	C:/Program Files/Go/src/net/http/server.go:2294
main.main.WithCORS.func1
	C:/Users/ì§€ì•„ì´ë©/eclipse-workspace/gov-disabled-web-gs/h100_module_c/internal/middlewares/cors.go:43
net/http.HandlerFunc.ServeHTTP
	C:/Program Files/Go/src/net/http/server.go:2294
net/http.(*ServeMux).ServeHTTP
	C:/Program Files/Go/src/net/http/server.go:2822
net/http.serverHandler.ServeHTTP
	C:/Program Files/Go/src/net/http/server.go:3301
net/http.(*conn).serve
	C:/Program Files/Go/src/net/http/server.go:2102
2025-07-24T16:42:46.034+0900	[31mERROR[0m	fileReceive/fileReceive.go:44	íŒŒì¼ ìˆ˜ì‹  ì‹¤íŒ¨	{"error": "request Content-Type isn't multipart/form-data"}
local.dev/h100_module_c/internal/handlers/fileReceive.FileReceive
	C:/Users/ì§€ì•„ì´ë©/eclipse-workspace/gov-disabled-web-gs/h100_module_c/internal/handlers/fileReceive/fileReceive.go:44
net/http.HandlerFunc.ServeHTTP
	C:/Program Files/Go/src/net/http/server.go:2294
main.main.WithCORS.func1
	C:/Users/ì§€ì•„ì´ë©/eclipse-workspace/gov-disabled-web-gs/h100_module_c/internal/middlewares/cors.go:43
net/http.HandlerFunc.ServeHTTP
	C:/Program Files/Go/src/net/http/server.go:2294
net/http.(*ServeMux).ServeHTTP
	C:/Program Files/Go/src/net/http/server.go:2822
net/http.serverHandler.ServeHTTP
	C:/Program Files/Go/src/net/http/server.go:3301
net/http.(*conn).serve
	C:/Program Files/Go/src/net/http/server.go:2102
